2025/11/30 21:03:32 ✅ Connected to PostgreSQL
[GIN-debug] [WARNING] Creating an Engine instance with the Logger and Recovery middleware already attached.

[GIN-debug] [WARNING] Running in "debug" mode. Switch to "release" mode in production.
 - using env:	export GIN_MODE=release
 - using code:	gin.SetMode(gin.ReleaseMode)

[GIN-debug] GET    /health                   --> main.HealthCheck (4 handlers)
[GIN-debug] GET    /swagger/*any             --> github.com/swaggo/gin-swagger.CustomWrapHandler.func1 (4 handlers)
[GIN-debug] GET    /api/v1/menu              --> main.GetAllMenu (4 handlers)
[GIN-debug] GET    /api/v1/drinks            --> main.GetDrinks (4 handlers)
[GIN-debug] POST   /api/v1/drinks            --> main.CreateDrink (4 handlers)
[GIN-debug] GET    /api/v1/drinks/:name      --> main.GetDrinksByName (4 handlers)
[GIN-debug] PUT    /api/v1/drinks/:name      --> main.UpdateDrinksByName (4 handlers)
[GIN-debug] DELETE /api/v1/drinks/:name      --> main.DeleteDrinksByName (4 handlers)
[GIN-debug] GET    /api/v1/foods             --> main.GetFoods (4 handlers)
[GIN-debug] POST   /api/v1/foods             --> main.CreateFood (4 handlers)
[GIN-debug] GET    /api/v1/foods/:name       --> main.GetFoodsByName (4 handlers)
[GIN-debug] PUT    /api/v1/foods/:name       --> main.UpdateFoodsByName (4 handlers)
[GIN-debug] DELETE /api/v1/foods/:name       --> main.DeleteFoodsByName (4 handlers)
[GIN-debug] GET    /api/v1/desserts          --> main.GetDesserts (4 handlers)
[GIN-debug] POST   /api/v1/desserts          --> main.CreateDessert (4 handlers)
[GIN-debug] GET    /api/v1/desserts/:name    --> main.GetDessertsByName (4 handlers)
[GIN-debug] PUT    /api/v1/desserts/:name    --> main.UpdateDessertsByName (4 handlers)
[GIN-debug] DELETE /api/v1/desserts/:name    --> main.DeleteDessertsByName (4 handlers)
2025/11/30 21:03:32 🚀 Server running at :8080
[GIN-debug] [WARNING] You trusted all proxies, this is NOT safe. We recommend you to set a value.
Please check https://github.com/gin-gonic/gin/blob/master/docs/doc.md#dont-trust-all-proxies for details.
[GIN-debug] Listening and serving HTTP on :8080
[GIN-debug] [ERROR] listen tcp :8080: bind: address already in use
